CREATE USER 'muebleria_user'@'localhost' IDENTIFIED VIA mysql_native_password USING '***';GRANT SELECT, INSERT, UPDATE, DELETE, FILE ON *.* TO 'muebleria_user'@'localhost' REQUIRE NONE WITH MAX_QUERIES_PER_HOUR 0 MAX_CONNECTIONS_PER_HOUR 0 MAX_UPDATES_PER_HOUR 0 MAX_USER_CONNECTIONS 0;

GRANT SELECT, INSERT, UPDATE, DELETE ON `muebleria`.* TO 'muebleria_user'@'localhost';

Carpeta Rest
https://www.google.com/url?sa=j&url=https%3A%2F%2Fwww.itsolutionstuff.com%2Fupload%2Fcodeigniter-api.zip&uct=1683648407&usg=ClMQ7IF5v4HriKOHWpGYHxcdE7A.&source=meet

URL API Rest
GET
http://localhost/proyectos/9A-codelgniter/index.php/Api/Categorias
http://localhost/proyectos/9A-codelgniter/index.php/Api/Categorias/1


POST
http://localhost/proyectos/9A-codelgniter/index.php/Api/Categorias 
    FORM-DATA
        nombre:Nueva Categoria REST 2
        activo:1
        fecha:2023-06-20 18:29:13
    JSON
        {
            "nombre": "Jardines Actualizado",
            "fecha": "2023-06-21 17:38:15",
            "activo": "1"
        }       